<?xml version="1.0" encoding="UTF-8"?>
<testng-results skipped="0" failed="0" ignored="0" total="1" passed="1">
  <reporter-output>
  </reporter-output>
  <suite name="Default suite" duration-ms="18544" started-at="2020-07-09T12:01:10Z" finished-at="2020-07-09T12:01:28Z">
    <groups>
    </groups>
    <test name="Default test" duration-ms="18544" started-at="2020-07-09T12:01:10Z" finished-at="2020-07-09T12:01:28Z">
      <class name="tests.Gmail_LoginTest">
        <test-method status="PASS" signature="testsetup()[pri:0, instance:tests.Gmail_LoginTest@3bfdc050]" name="testsetup" is-config="true" duration-ms="6882" started-at="2020-07-09T12:01:10Z" finished-at="2020-07-09T12:01:17Z">
          <reporter-output>
          </reporter-output>
        </test-method> <!-- testsetup -->
        <test-method status="PASS" signature="loginpage()[pri:0, instance:tests.Gmail_LoginTest@3bfdc050]" name="loginpage" duration-ms="9224" started-at="2020-07-09T12:01:17Z" finished-at="2020-07-09T12:01:26Z">
          <reporter-output>
          </reporter-output>
        </test-method> <!-- loginpage -->
        <test-method status="PASS" signature="teardown()[pri:0, instance:tests.Gmail_LoginTest@3bfdc050]" name="teardown" is-config="true" duration-ms="2396" started-at="2020-07-09T12:01:26Z" finished-at="2020-07-09T12:01:28Z">
          <reporter-output>
          </reporter-output>
        </test-method> <!-- teardown -->
      </class> <!-- tests.Gmail_LoginTest -->
    </test> <!-- Default test -->
  </suite> <!-- Default suite -->
</testng-results>
